<?xml version="1.0" encoding="UTF-8"?>
<!-- Generated by org.testng.reporters.JUnitXMLReporter -->
<testsuite ignored="0" hostname="EdDSingh" failures="0" tests="3" name="Default test" time="98.758" errors="0" timestamp="2022-05-02T17:57:22 IST">
  <testcase classname="codeChallenge.Automated_Scenarios" name="Scenario_01" time="72.12"/>
  <testcase classname="codeChallenge.Automated_Scenarios" name="Scenario_02" time="9.039"/>
  <testcase classname="codeChallenge.Automated_Scenarios" name="Scenario_03" time="9.101"/>
</testsuite> <!-- Default test -->
