<?xml version="1.0" encoding="UTF-8"?>
<!-- Generated by org.testng.reporters.JUnitXMLReporter -->
<testsuite ignored="0" hostname="EdDSingh" failures="0" tests="6" name="Test" time="120.093" errors="0" timestamp="2022-05-03T10:40:58 IST">
  <testcase classname="codeChallenge.Automated_Scenarios" name="Scenario_01" time="76.4"/>
  <testcase classname="codeChallenge.Automated_Scenarios" name="Scenario_02" time="8.178"/>
  <testcase classname="codeChallenge.Automated_Scenarios" name="Scenario_03" time="8.193"/>
  <testcase classname="codeChallenge.Automated_Scenarios" name="Scenario_04" time="7.011"/>
  <testcase classname="codeChallenge.Automated_Scenarios" name="Scenario_05" time="3.753"/>
  <testcase classname="codeChallenge.Automated_Scenarios" name="Scenario_06" time="10.495"/>
</testsuite> <!-- Test -->
