<?xml version="1.0" encoding="UTF-8"?>
<testsuite xmlns:xsi="http://www.w3.org/2001/XMLSchema-instance" xsi:noNamespaceSchemaLocation="https://maven.apache.org/surefire/maven-surefire-plugin/xsd/surefire-test-report-3.0.xsd" version="3.0" name="TestSuite" time="115.272" tests="6" errors="0" skipped="0" failures="0">
  <properties>
[...]
</properties>
  <testcase name="Scenario_01" classname="codeChallenge.Automated_Scenarios" time="70.237">
    <system-out><![CDATA[Launching : '[Chrome]' Browser.
 - - - - -  - - - - - - - - - - - - - - - - - - - - - - - - - - - -
 - - - - - START : 01 Add Products To Cart & Open Cart. - - - - 
 - - - - -  - - - - - - - - - - - - - - - - - - - - - - - - - - - -
Opening https://www.pomelofashion.com/th/en/ URL.
Validation : Pass - URL Opened : https://www.pomelofashion.com/th/en/
Clicking On 'By.xpath: //div[contains(@class,'slide') and contains(@class,'active')]' Element.
Validation : Pass - Random Header Product Category Page Opened
Moving To 'By.xpath: (//div[contains(@class,'infinite-scroll-component')]//div[contains(@class,'product-item hoverable')])[1]/a//div[contains(@class,'add-to-bag')]//span[@class='option-item button'][1]' Element.
Clicking On 'By.xpath: (//div[contains(@class,'infinite-scroll-component')]//div[contains(@class,'product-item hoverable')])[1]/a//div[contains(@class,'add-to-bag')]//span[@class='option-item button'][1]' Element.
Clicking On 'By.xpath: //span[@data-cy='close_cart_notice']' Element.
Moving To 'By.xpath: (//div[contains(@class,'infinite-scroll-component')]//div[contains(@class,'product-item hoverable')])[2]/a//div[contains(@class,'add-to-bag')]//span[@class='option-item button'][1]' Element.
Clicking On 'By.xpath: (//div[contains(@class,'infinite-scroll-component')]//div[contains(@class,'product-item hoverable')])[2]/a//div[contains(@class,'add-to-bag')]//span[@class='option-item button'][1]' Element.
Clicking On 'By.xpath: //span[@data-cy='close_cart_notice']' Element.
Moving To 'By.xpath: (//div[contains(@class,'infinite-scroll-component')]//div[contains(@class,'product-item hoverable')])[3]/a//div[contains(@class,'add-to-bag')]//span[@class='option-item button'][1]' Element.
Clicking On 'By.xpath: (//div[contains(@class,'infinite-scroll-component')]//div[contains(@class,'product-item hoverable')])[3]/a//div[contains(@class,'add-to-bag')]//span[@class='option-item button'][1]' Element.
Clicking On 'By.xpath: //span[@data-cy='close_cart_notice']' Element.
Validation : Pass - Cart Updated
Clicking On 'By.xpath: //li[@data-cy='nav_user__cart']' Element.
Validation : Pass - Products Added Into Cart
 - - - - - - - - - - - - - - - - - - - - - - - - - - - - - - - - -
 - - - - - END : 01 Add Products To Cart & Open Cart. - - - - 
 - - - - - - - - - - - - - - - - - - - - - - - - - - - - - - - - -
]]></system-out>
    <system-err><![CDATA[SLF4J: Failed to load class "org.slf4j.impl.StaticLoggerBinder".
SLF4J: Defaulting to no-operation (NOP) logger implementation
SLF4J: See http://www.slf4j.org/codes.html#StaticLoggerBinder for further details.
Starting ChromeDriver 100.0.4896.60 (6a5d10861ce8de5fce22564658033b43cb7de047-refs/branch-heads/4896@{#875}) on port 54788
Only local connections are allowed.
Please see https://chromedriver.chromium.org/security-considerations for suggestions on keeping ChromeDriver safe.
ChromeDriver was started successfully.
May 03, 2022 2:15:44 AM org.openqa.selenium.remote.ProtocolHandshake createSession
INFO: Detected dialect: W3C
May 03, 2022 2:15:44 AM org.openqa.selenium.devtools.CdpVersionFinder findNearestMatch
WARNING: Unable to find an exact match for CDP version 100, so returning the closest version found: 96
May 03, 2022 2:15:44 AM org.openqa.selenium.devtools.CdpVersionFinder findNearestMatch
INFO: Found CDP implementation for version 100 of 96
]]></system-err>
  </testcase>
  <testcase name="Scenario_02" classname="codeChallenge.Automated_Scenarios" time="9.122">
    <system-out><![CDATA[ - - - - -  - - - - - - - - - - - - - - - - - - - - - - - - - - - -
 - - - - - START : 02 Update Product Quantity. - - - - 
 - - - - -  - - - - - - - - - - - - - - - - - - - - - - - - - - - -
Moving To 'By.xpath: //a[@href='/th/en/tops/66872-Collared-Puff-Sleeve-Blouse---Pink.html'][@class='body2 product-name']/ancestor::div[contains(@class,'product-information')]//div[contains(@class,'size-quantity')]//div[contains(@class,'info__quantity')]//div[@role='button']/select' Element.
Validation : Pass - Quantity Before Update
Before Quantity Update, Selected Value Is : 1
After Quantity Updated, Selected Value Is : 2
Moving To 'By.xpath: //a[@href='/th/en/tops/66872-Collared-Puff-Sleeve-Blouse---Pink.html'][@class='body2 product-name']/ancestor::div[contains(@class,'product-information')]//div[contains(@class,'size-quantity')]//div[contains(@class,'info__quantity')]//div[@role='button']/select' Element.
Quantity Updated, Pass
Validation : Pass - Updated Quantity Successfully
 - - - - - - - - - - - - - - - - - - - - - - - - - - - - - - - - -
 - - - - - END : 02 Update Product Quantity. - - - - 
 - - - - - - - - - - - - - - - - - - - - - - - - - - - - - - - - -
]]></system-out>
  </testcase>
  <testcase name="Scenario_03" classname="codeChallenge.Automated_Scenarios" time="9.172">
    <system-out><![CDATA[ - - - - -  - - - - - - - - - - - - - - - - - - - - - - - - - - - -
 - - - - - START : 03 Update Product Size. - - - - 
 - - - - -  - - - - - - - - - - - - - - - - - - - - - - - - - - - -
Moving To 'By.xpath: //a[@href='/th/en/outerwear/66873-Stripe-Short-Sleeves-Cardigan---Black.html'][@class='body2 product-name']/ancestor::div[contains(@class,'product-information')]//div[contains(@class,'size-quantity')]//div[contains(@class,'info__size')]//div[@role='button']/select' Element.
Validation : Pass - Size Before Update
Before Size Update, Selected Value Is : XXS
After Size Updated, Selected Value Is : XS
Moving To 'By.xpath: //a[@href='/th/en/outerwear/66873-Stripe-Short-Sleeves-Cardigan---Black.html'][@class='body2 product-name']/ancestor::div[contains(@class,'product-information')]//div[contains(@class,'size-quantity')]//div[contains(@class,'info__size')]//div[@role='button']/select' Element.
Size Updated, Pass
Validation : Pass - Updated Size Successfully
 - - - - - - - - - - - - - - - - - - - - - - - - - - - - - - - - -
 - - - - - END : 03 Update Product Size. - - - - 
 - - - - - - - - - - - - - - - - - - - - - - - - - - - - - - - - -
]]></system-out>
  </testcase>
  <testcase name="Scenario_04" classname="codeChallenge.Automated_Scenarios" time="7.924">
    <system-out><![CDATA[ - - - - -  - - - - - - - - - - - - - - - - - - - - - - - - - - - -
 - - - - - START : 04 Delete Product From Cart. - - - - 
 - - - - -  - - - - - - - - - - - - - - - - - - - - - - - - - - - -
 - - List Of Products Available In Cart, Before Delete. - -
I_No: 1 Product Name: Bow Tie Skirt Dress - Beige
I_No: 2 Product Name: Collared Puff Sleeve Blouse - Pink
I_No: 3 Product Name: Stripe Short Sleeves Cardigan - Black
Deleting Product : Collared Puff Sleeve Blouse - Pink
Moving To 'By.xpath: (//div[contains(@class,'cart-remove')]//img)[2]' Element.
Validation : Pass - Deleting Product
Clicking On 'By.xpath: (//div[contains(@class,'cart-remove')]//img)[2]' Element.
 - - List Of Products Available In Cart, After Delete. - -
No OF Products Present In Cart2
I_No: 1 Product Name: Bow Tie Skirt Dress - Beige
I_No: 2 Product Name: Stripe Short Sleeves Cardigan - Black
Pass : Product Deleted Successfully
Validation : Pass - Product Deleted From Cart
 - - - - - - - - - - - - - - - - - - - - - - - - - - - - - - - - -
 - - - - - END : 04 Delete Product From Cart. - - - - 
 - - - - - - - - - - - - - - - - - - - - - - - - - - - - - - - - -
]]></system-out>
  </testcase>
  <testcase name="Scenario_05" classname="codeChallenge.Automated_Scenarios" time="4.632">
    <system-out><![CDATA[ - - - - -  - - - - - - - - - - - - - - - - - - - - - - - - - - - -
 - - - - - START : 05 Apply Coupon In Cart. - - - - 
 - - - - -  - - - - - - - - - - - - - - - - - - - - - - - - - - - -
SendKeys To 'By.xpath: //div[@class='cart-discount__main']//input' Element.
Pass : Coupon Validated
Validation : Pass - Coupon Validated
Clicking On 'By.xpath: //div[@class='cart-discount__main']//button[@type='button']' Element.
Validation : Pass - Coupon Status
 - - - - - - - - - - - - - - - - - - - - - - - - - - - - - - - - -
 - - - - - END : 04 Delete Product From Cart. - - - - 
 - - - - - - - - - - - - - - - - - - - - - - - - - - - - - - - - -
]]></system-out>
  </testcase>
  <testcase name="Scenario_06" classname="codeChallenge.Automated_Scenarios" time="6.189">
    <system-out><![CDATA[ - - - - -  - - - - - - - - - - - - - - - - - - - - - - - - - - - -
 - - - - - START : 06 Validate Proceed To Checkout Button. - - - - 
 - - - - -  - - - - - - - - - - - - - - - - - - - - - - - - - - - -
Clicking On 'By.xpath: //button[@data-cy='cart__checkout']' Element.
Pass : Validated Post Checkout, Landed On Login Page
Validation : Pass - Validated Post Checkout, Landed On Login Page
 - - - - - - - - - - - - - - - - - - - - - - - - - - - - - - - - -
 - - - - - END : 06 Validate Proceed To Checkout Button. - - - - 
 - - - - - - - - - - - - - - - - - - - - - - - - - - - - - - - - -
]]></system-out>
  </testcase>
</testsuite>