<?xml version="1.0" encoding="UTF-8"?>
<testng-results ignored="0" total="6" passed="6" failed="0" skipped="0">
  <reporter-output>
  </reporter-output>
  <suite started-at="2022-05-03T02:15:41 IST" name="AspireChallenge" finished-at="2022-05-03T02:17:36 IST" duration-ms="114593">
    <groups>
    </groups>
    <test started-at="2022-05-03T02:15:41 IST" name="Test" finished-at="2022-05-03T02:17:36 IST" duration-ms="114593">
      <class name="codeChallenge.Automated_Scenarios">
        <test-method is-config="true" signature="launchBrowser()[pri:0, instance:codeChallenge.Automated_Scenarios@192d43ce]" started-at="2022-05-03T02:15:41 IST" name="launchBrowser" finished-at="2022-05-03T02:15:47 IST" duration-ms="6133" status="PASS">
          <reporter-output>
          </reporter-output>
        </test-method> <!-- launchBrowser -->
        <test-method signature="Scenario_01()[pri:0, instance:codeChallenge.Automated_Scenarios@192d43ce]" started-at="2022-05-03T02:15:47 IST" name="Scenario_01" finished-at="2022-05-03T02:16:57 IST" duration-ms="70224" status="PASS">
          <reporter-output>
          </reporter-output>
        </test-method> <!-- Scenario_01 -->
        <test-method signature="Scenario_02()[pri:1, instance:codeChallenge.Automated_Scenarios@192d43ce]" started-at="2022-05-03T02:16:57 IST" name="Scenario_02" finished-at="2022-05-03T02:17:06 IST" depends-on-methods="codeChallenge.Automated_Scenarios.Scenario_01" duration-ms="9096" status="PASS">
          <reporter-output>
          </reporter-output>
        </test-method> <!-- Scenario_02 -->
        <test-method signature="Scenario_03()[pri:2, instance:codeChallenge.Automated_Scenarios@192d43ce]" started-at="2022-05-03T02:17:06 IST" name="Scenario_03" finished-at="2022-05-03T02:17:16 IST" depends-on-methods="codeChallenge.Automated_Scenarios.Scenario_01" duration-ms="9205" status="PASS">
          <reporter-output>
          </reporter-output>
        </test-method> <!-- Scenario_03 -->
        <test-method signature="Scenario_04()[pri:3, instance:codeChallenge.Automated_Scenarios@192d43ce]" started-at="2022-05-03T02:17:16 IST" name="Scenario_04" finished-at="2022-05-03T02:17:24 IST" depends-on-methods="codeChallenge.Automated_Scenarios.Scenario_01" duration-ms="7934" status="PASS">
          <reporter-output>
          </reporter-output>
        </test-method> <!-- Scenario_04 -->
        <test-method signature="Scenario_05()[pri:4, instance:codeChallenge.Automated_Scenarios@192d43ce]" started-at="2022-05-03T02:17:24 IST" name="Scenario_05" finished-at="2022-05-03T02:17:28 IST" depends-on-methods="codeChallenge.Automated_Scenarios.Scenario_01" duration-ms="4632" status="PASS">
          <reporter-output>
          </reporter-output>
        </test-method> <!-- Scenario_05 -->
        <test-method signature="Scenario_06()[pri:5, instance:codeChallenge.Automated_Scenarios@192d43ce]" started-at="2022-05-03T02:17:28 IST" name="Scenario_06" finished-at="2022-05-03T02:17:34 IST" depends-on-methods="codeChallenge.Automated_Scenarios.Scenario_01" duration-ms="6204" status="PASS">
          <reporter-output>
          </reporter-output>
        </test-method> <!-- Scenario_06 -->
        <test-method is-config="true" signature="flush()[pri:0, instance:codeChallenge.Automated_Scenarios@192d43ce]" started-at="2022-05-03T02:17:34 IST" name="flush" finished-at="2022-05-03T02:17:36 IST" duration-ms="1104" status="PASS">
          <reporter-output>
          </reporter-output>
        </test-method> <!-- flush -->
      </class> <!-- codeChallenge.Automated_Scenarios -->
    </test> <!-- Test -->
  </suite> <!-- AspireChallenge -->
</testng-results>
