<?xml version="1.0" encoding="UTF-8"?>
<!-- Generated by org.testng.reporters.JUnitXMLReporter -->
<testsuite ignored="0" hostname="EdDSingh" failures="0" tests="6" name="Test" time="114.593" errors="0" timestamp="2022-05-03T02:17:36 IST">
  <testcase classname="codeChallenge.Automated_Scenarios" name="Scenario_01" time="70.224"/>
  <testcase classname="codeChallenge.Automated_Scenarios" name="Scenario_02" time="9.096"/>
  <testcase classname="codeChallenge.Automated_Scenarios" name="Scenario_03" time="9.205"/>
  <testcase classname="codeChallenge.Automated_Scenarios" name="Scenario_04" time="7.934"/>
  <testcase classname="codeChallenge.Automated_Scenarios" name="Scenario_05" time="4.632"/>
  <testcase classname="codeChallenge.Automated_Scenarios" name="Scenario_06" time="6.204"/>
</testsuite> <!-- Test -->
